android/app/build/intermediates/manifest_merge_blame_file/debug/manifest-merger-blame-debug-report.txt
1<?xml version="1.0" encoding="utf-8"?>
2<manifest xmlns:android="http://schemas.android.com/apk/res/android"
3    package="com.comicapp"
4    android:versionCode="1"
5    android:versionName="1.0" >
6
7    <uses-sdk
8        android:minSdkVersion="21"
9        android:targetSdkVersion="33" />
10
11    <uses-permission android:name="android.permission.SYSTEM_ALERT_WINDOW" />
11-->src\debug\AndroidManifest.xml:5:5-77
11-->src\debug\AndroidManifest.xml:5:22-75
12    <uses-permission android:name="android.permission.INTERNET" />
12-->src\main\AndroidManifest.xml:3:5-67
12-->src\main\AndroidManifest.xml:3:22-64
13    <uses-permission android:name="android.permission.ACCESS_WIFI_STATE" />
13-->[com.facebook.flipper:flipper:0.125.0] AndroidManifest.xml:16:5-76
13-->[com.facebook.flipper:flipper:0.125.0] AndroidManifest.xml:16:22-73
14
15    <queries>
15-->[:react-native-image-crop-picker] AndroidManifest.xml:9:5-13:15
16        <intent>
16-->[:react-native-image-crop-picker] AndroidManifest.xml:10:9-12:18
17            <action android:name="android.media.action.IMAGE_CAPTURE" />
17-->[:react-native-image-crop-picker] AndroidManifest.xml:11:13-73
17-->[:react-native-image-crop-picker] AndroidManifest.xml:11:21-70
18        </intent>
19    </queries>
20
21    <uses-permission android:name="android.permission.WRITE_EXTERNAL_STORAGE" />
21-->[:react-native-image-crop-picker] AndroidManifest.xml:15:5-81
21-->[:react-native-image-crop-picker] AndroidManifest.xml:15:22-78
22
23    <application
23-->src\main\AndroidManifest.xml:5:5-24:19
24        android:name="com.comicapp.MainApplication"
24-->src\main\AndroidManifest.xml:6:7-38
25        android:allowBackup="false"
25-->src\main\AndroidManifest.xml:10:7-34
26        android:appComponentFactory="androidx.core.app.CoreComponentFactory"
26-->[androidx.core:core:1.8.0] AndroidManifest.xml:24:18-86
27        android:debuggable="true"
28        android:icon="@mipmap/ic_launcher"
28-->src\main\AndroidManifest.xml:8:7-41
29        android:label="@string/app_name"
29-->src\main\AndroidManifest.xml:7:7-39
30        android:roundIcon="@mipmap/ic_launcher"
30-->src\main\AndroidManifest.xml:9:7-46
31        android:theme="@style/AppTheme"
31-->src\main\AndroidManifest.xml:11:7-38
32        android:usesCleartextTraffic="true" >
32-->src\debug\AndroidManifest.xml:8:9-44
33        <activity
33-->src\debug\AndroidManifest.xml:11:9-111
34            android:name="com.facebook.react.devsupport.DevSettingsActivity"
34-->src\debug\AndroidManifest.xml:11:19-83
35            android:exported="false" />
35-->src\debug\AndroidManifest.xml:11:84-108
36        <activity
36-->src\main\AndroidManifest.xml:12:7-23:18
37            android:name="com.comicapp.MainActivity"
37-->src\main\AndroidManifest.xml:13:9-37
38            android:configChanges="keyboard|keyboardHidden|orientation|screenLayout|screenSize|smallestScreenSize|uiMode"
38-->src\main\AndroidManifest.xml:15:9-118
39            android:exported="true"
39-->src\main\AndroidManifest.xml:18:9-32
40            android:label="@string/app_name"
40-->src\main\AndroidManifest.xml:14:9-41
41            android:launchMode="singleTask"
41-->src\main\AndroidManifest.xml:16:9-40
42            android:windowSoftInputMode="adjustResize" >
42-->src\main\AndroidManifest.xml:17:9-51
43            <intent-filter>
43-->src\main\AndroidManifest.xml:19:9-22:25
44                <action android:name="android.intent.action.MAIN" />
44-->src\main\AndroidManifest.xml:20:13-65
44-->src\main\AndroidManifest.xml:20:21-62
45
46                <category android:name="android.intent.category.LAUNCHER" />
46-->src\main\AndroidManifest.xml:21:13-73
46-->src\main\AndroidManifest.xml:21:23-70
47            </intent-filter>
48        </activity>
49
50        <provider
50-->[:react-native-image-crop-picker] AndroidManifest.xml:18:9-26:20
51            android:name="com.reactnative.ivpusic.imagepicker.IvpusicImagePickerFileProvider"
51-->[:react-native-image-crop-picker] AndroidManifest.xml:19:13-94
52            android:authorities="com.comicapp.provider"
52-->[:react-native-image-crop-picker] AndroidManifest.xml:20:13-60
53            android:exported="false"
53-->[:react-native-image-crop-picker] AndroidManifest.xml:21:13-37
54            android:grantUriPermissions="true" >
54-->[:react-native-image-crop-picker] AndroidManifest.xml:22:13-47
55            <meta-data
55-->[:react-native-image-crop-picker] AndroidManifest.xml:23:13-25:78
56                android:name="android.support.FILE_PROVIDER_PATHS"
56-->[:react-native-image-crop-picker] AndroidManifest.xml:24:17-67
57                android:resource="@xml/ivpusic_imagepicker_provider_paths" />
57-->[:react-native-image-crop-picker] AndroidManifest.xml:25:17-75
58        </provider>
59
60        <activity
60-->[:react-native-image-crop-picker] AndroidManifest.xml:28:9-30:72
61            android:name="com.yalantis.ucrop.UCropActivity"
61-->[:react-native-image-crop-picker] AndroidManifest.xml:29:13-60
62            android:theme="@style/Theme.AppCompat.Light.NoActionBar" />
62-->[:react-native-image-crop-picker] AndroidManifest.xml:30:13-69
63
64        <provider
64-->[:react-native-share] AndroidManifest.xml:10:9-18:20
65            android:name="cl.json.RNShareFileProvider"
65-->[:react-native-share] AndroidManifest.xml:11:13-55
66            android:authorities="com.comicapp.rnshare.fileprovider"
66-->[:react-native-share] AndroidManifest.xml:12:13-72
67            android:exported="false"
67-->[:react-native-share] AndroidManifest.xml:13:13-37
68            android:grantUriPermissions="true" >
68-->[:react-native-share] AndroidManifest.xml:14:13-47
69            <meta-data
69-->[:react-native-image-crop-picker] AndroidManifest.xml:23:13-25:78
70                android:name="android.support.FILE_PROVIDER_PATHS"
70-->[:react-native-image-crop-picker] AndroidManifest.xml:24:17-67
71                android:resource="@xml/share_download_paths" />
71-->[:react-native-image-crop-picker] AndroidManifest.xml:25:17-75
72        </provider>
73
74        <meta-data
74-->[com.github.bumptech.glide:okhttp3-integration:4.12.0] AndroidManifest.xml:11:9-13:43
75            android:name="com.bumptech.glide.integration.okhttp3.OkHttpGlideModule"
75-->[com.github.bumptech.glide:okhttp3-integration:4.12.0] AndroidManifest.xml:12:13-84
76            android:value="GlideModule" />
76-->[com.github.bumptech.glide:okhttp3-integration:4.12.0] AndroidManifest.xml:13:13-40
77
78        <provider
78-->[androidx.emoji2:emoji2:1.0.0] AndroidManifest.xml:26:9-34:20
79            android:name="androidx.startup.InitializationProvider"
79-->[androidx.emoji2:emoji2:1.0.0] AndroidManifest.xml:27:13-67
80            android:authorities="com.comicapp.androidx-startup"
80-->[androidx.emoji2:emoji2:1.0.0] AndroidManifest.xml:28:13-68
81            android:exported="false" >
81-->[androidx.emoji2:emoji2:1.0.0] AndroidManifest.xml:29:13-37
82            <meta-data
82-->[androidx.emoji2:emoji2:1.0.0] AndroidManifest.xml:31:13-33:52
83                android:name="androidx.emoji2.text.EmojiCompatInitializer"
83-->[androidx.emoji2:emoji2:1.0.0] AndroidManifest.xml:32:17-75
84                android:value="androidx.startup" />
84-->[androidx.emoji2:emoji2:1.0.0] AndroidManifest.xml:33:17-49
85            <meta-data
85-->[androidx.lifecycle:lifecycle-process:2.4.0] AndroidManifest.xml:31:13-33:52
86                android:name="androidx.lifecycle.ProcessLifecycleInitializer"
86-->[androidx.lifecycle:lifecycle-process:2.4.0] AndroidManifest.xml:32:17-78
87                android:value="androidx.startup" />
87-->[androidx.lifecycle:lifecycle-process:2.4.0] AndroidManifest.xml:33:17-49
88        </provider>
89    </application>
90
91</manifest>